[debug] [2021-09-28T19:38:46.516Z] ----------------------------------------------------------------------
[debug] [2021-09-28T19:38:46.518Z] Command:       C:\Program Files\nodejs\node.exe C:\Users\eidin\AppData\Roaming\npm\node_modules\firebase-tools\lib\bin\firebase.js init
[debug] [2021-09-28T19:38:46.518Z] CLI Version:   9.18.0
[debug] [2021-09-28T19:38:46.519Z] Platform:      win32
[debug] [2021-09-28T19:38:46.519Z] Node Version:  v16.10.0
[debug] [2021-09-28T19:38:46.519Z] Time:          Tue Sep 28 2021 21:38:46 GMT+0200 (czas środkowoeuropejski letni)
[debug] [2021-09-28T19:38:46.519Z] ----------------------------------------------------------------------
[debug] 
[debug] [2021-09-28T19:38:46.563Z] > command requires scopes: ["email","openid","https://www.googleapis.com/auth/cloudplatformprojects.readonly","https://www.googleapis.com/auth/firebase","https://www.googleapis.com/auth/cloud-platform"]
[debug] [2021-09-28T19:38:46.563Z] > authorizing via signed-in user (mateuszeiding@gmail.com)
[info] 
     ######## #### ########  ######## ########     ###     ######  ########
     ##        ##  ##     ## ##       ##     ##  ##   ##  ##       ##
     ######    ##  ########  ######   ########  #########  ######  ######
     ##        ##  ##    ##  ##       ##     ## ##     ##       ## ##
     ##       #### ##     ## ######## ########  ##     ##  ######  ########

You're about to initialize a Firebase project in this directory:

  C:\Users\eidin\Desktop\BusinessMentoringSite\BusinessMentoringSite

Before we get started, keep in mind:

  * You are initializing within an existing Firebase project directory

